<?xml version="1.0" encoding="UTF-8"?>
<!-- Generated by org.testng.reporters.JUnitXMLReporter -->
<testsuite ignored="3" hostname="DESKTOP-4EL8SL4" failures="0" tests="1" name="Default test" time="3.547" errors="0" timestamp="2024-07-29T16:59:50 IST">
  <testcase classname="AutomationRestAPI.RestAssured.AutomatePost" name="test_POSTRegSuccess" time="3.474"/>
  <testcase classname="AutomationRestAPI.RestAssured.AutomatePost" name="test_POSTLoginUnSuccess" time="0.0">
    <ignored/>
  </testcase> <!-- test_POSTLoginUnSuccess -->
  <testcase classname="AutomationRestAPI.RestAssured.AutomatePost" name="test_POSTRegUnsuccess" time="0.0">
    <ignored/>
  </testcase> <!-- test_POSTRegUnsuccess -->
  <testcase classname="AutomationRestAPI.RestAssured.AutomatePost" name="test_POSTLoginSuccess" time="0.0">
    <ignored/>
  </testcase> <!-- test_POSTLoginSuccess -->
</testsuite> <!-- Default test -->
