<?xml version="1.0" encoding="UTF-8"?>
<testng-results ignored="0" total="1" passed="1" failed="0" skipped="0">
  <reporter-output>
  </reporter-output>
  <suite started-at="2024-08-02T17:19:41 IST" name="Default suite" finished-at="2024-08-02T17:20:13 IST" duration-ms="32297">
    <groups>
    </groups>
    <test started-at="2024-08-02T17:19:41 IST" name="Default test" finished-at="2024-08-02T17:20:13 IST" duration-ms="32297">
      <class name="AutomationRestAPI.RestAssured.DatePickerTest">
        <test-method is-config="true" signature="setUp()[pri:0, instance:AutomationRestAPI.RestAssured.DatePickerTest@8462f31]" started-at="2024-08-02T17:19:41 IST" name="setUp" finished-at="2024-08-02T17:19:44 IST" duration-ms="2589" status="PASS">
          <reporter-output>
          </reporter-output>
        </test-method> <!-- setUp -->
        <test-method signature="testDatePicker()[pri:0, instance:AutomationRestAPI.RestAssured.DatePickerTest@8462f31]" started-at="2024-08-02T17:19:44 IST" name="testDatePicker" finished-at="2024-08-02T17:20:13 IST" duration-ms="29201" status="PASS">
          <reporter-output>
          </reporter-output>
        </test-method> <!-- testDatePicker -->
        <test-method is-config="true" signature="tearDown()[pri:0, instance:AutomationRestAPI.RestAssured.DatePickerTest@8462f31]" started-at="2024-08-02T17:20:13 IST" name="tearDown" finished-at="2024-08-02T17:20:13 IST" duration-ms="444" status="PASS">
          <reporter-output>
          </reporter-output>
        </test-method> <!-- tearDown -->
      </class> <!-- AutomationRestAPI.RestAssured.DatePickerTest -->
    </test> <!-- Default test -->
  </suite> <!-- Default suite -->
</testng-results>
