<?xml version="1.0" encoding="UTF-8"?>
<testng-results ignored="0" total="1" passed="1" failed="0" skipped="0">
  <reporter-output>
  </reporter-output>
  <suite started-at="2024-08-16T10:13:54 IST" name="Default suite" finished-at="2024-08-16T10:14:30 IST" duration-ms="35970">
    <groups>
    </groups>
    <test started-at="2024-08-16T10:13:54 IST" name="Default test" finished-at="2024-08-16T10:14:30 IST" duration-ms="35970">
      <class name="AutomationRestAPI.RestAssured.AmazonIPhonePurchaseTest">
        <test-method is-config="true" signature="setUp()[pri:0, instance:AutomationRestAPI.RestAssured.AmazonIPhonePurchaseTest@66982506]" started-at="2024-08-16T10:13:54 IST" name="setUp" finished-at="2024-08-16T10:14:01 IST" duration-ms="7197" status="PASS">
          <reporter-output>
          </reporter-output>
        </test-method> <!-- setUp -->
        <test-method signature="testIPhonePurchase()[pri:0, instance:AutomationRestAPI.RestAssured.AmazonIPhonePurchaseTest@66982506]" started-at="2024-08-16T10:14:01 IST" name="testIPhonePurchase" finished-at="2024-08-16T10:14:29 IST" duration-ms="27907" status="PASS">
          <reporter-output>
          </reporter-output>
        </test-method> <!-- testIPhonePurchase -->
        <test-method is-config="true" signature="tearDown()[pri:0, instance:AutomationRestAPI.RestAssured.AmazonIPhonePurchaseTest@66982506]" started-at="2024-08-16T10:14:29 IST" name="tearDown" finished-at="2024-08-16T10:14:30 IST" duration-ms="758" status="PASS">
          <reporter-output>
          </reporter-output>
        </test-method> <!-- tearDown -->
      </class> <!-- AutomationRestAPI.RestAssured.AmazonIPhonePurchaseTest -->
    </test> <!-- Default test -->
  </suite> <!-- Default suite -->
</testng-results>
